

Microchip MPLAB XC8 Assembler V2.36 build 20220127204148 
                                                                                               Sun May 22 22:33:29 2022

Microchip MPLAB XC8 C Compiler v2.36 (Free license) build 20220127204148 Og1 
     1                           	processor	10F322
     2                           	pagewidth 120
     3                           	opt	flic
     4                           	psect	cinit,global,class=CODE,merge=1,delta=2
     5                           	psect	cstackBANK0,global,class=BANK0,space=1,delta=1,noexec
     6                           	psect	maintext,global,class=CODE,split=1,delta=2
     7                           	psect	idloc,global,abs,ovrld,class=IDLOC,space=5,delta=2,noexec
     8                           	psect	config,global,abs,ovrld,class=CONFIG,space=4,delta=2,noexec
     9                           	dabs	1,0x7E,2
    10  0000                     
    11                           ; Version 2.40
    12                           ; Generated 06/12/2021 GMT
    13                           ; 
    14                           ; Copyright © 2021, Microchip Technology Inc. and its subsidiaries ("Microchip")
    15                           ; All rights reserved.
    16                           ; 
    17                           ; This software is developed by Microchip Technology Inc. and its subsidiaries ("Microch
      +                          ip").
    18                           ; 
    19                           ; Redistribution and use in source and binary forms, with or without modification, are
    20                           ; permitted provided that the following conditions are met:
    21                           ; 
    22                           ;     1. Redistributions of source code must retain the above copyright notice, this lis
      +                          t of
    23                           ;        conditions and the following disclaimer.
    24                           ; 
    25                           ;     2. Redistributions in binary form must reproduce the above copyright notice, this 
      +                          list
    26                           ;        of conditions and the following disclaimer in the documentation and/or other
    27                           ;        materials provided with the distribution. Publication is not required when
    28                           ;        this file is used in an embedded application.
    29                           ; 
    30                           ;     3. Microchip's name may not be used to endorse or promote products derived from th
      +                          is
    31                           ;        software without specific prior written permission.
    32                           ; 
    33                           ; THIS SOFTWARE IS PROVIDED BY MICROCHIP "AS IS" AND ANY EXPRESS OR IMPLIED WARRANTIES,
    34                           ; INCLUDING, BUT NOT LIMITED TO, THE IMPLIED WARRANTIES OF MERCHANTABILITY AND FITNESS F
      +                          OR
    35                           ; PURPOSE ARE DISCLAIMED.  IN NO EVENT SHALL MICROCHIP BE LIABLE FOR ANY DIRECT, INDIREC
      +                          T,
    36                           ; INCIDENTAL, SPECIAL, EXEMPLARY, OR CONSEQUENTIAL DAMAGES (INCLUDING BUT NOT LIMITED TO
    37                           ; PROCUREMENT OF SUBSTITUTE GOODS OR SERVICES; LOSS OF USE, DATA OR PROFITS; OR BUSINESS
    38                           ; INTERRUPTION) HOWSOEVER CAUSED AND ON ANY THEORY OF LIABILITY, WHETHER IN CONTRACT, ST
      +                          RICT
    39                           ; LIABILITY, OR TORT (INCLUDING NEGLIGENCE OR OTHERWISE) ARISING IN ANY WAY OUT OF THE U
      +                          SE OF
    40                           ; THIS SOFTWARE, EVEN IF ADVISED OF THE POSSIBILITY OF SUCH DAMAGE.
    41                           ; 
    42                           ; 
    43                           ; Code-generator required, PIC10F322 Definitions
    44                           ; 
    45                           ; SFR Addresses
    46  0000                     	;# 
    47  0001                     	;# 
    48  0002                     	;# 
    49  0003                     	;# 
    50  0004                     	;# 
    51  0005                     	;# 
    52  0006                     	;# 
    53  0007                     	;# 
    54  0008                     	;# 
    55  0009                     	;# 
    56  000A                     	;# 
    57  000B                     	;# 
    58  000C                     	;# 
    59  000D                     	;# 
    60  000E                     	;# 
    61  000F                     	;# 
    62  0010                     	;# 
    63  0011                     	;# 
    64  0012                     	;# 
    65  0013                     	;# 
    66  0014                     	;# 
    67  0015                     	;# 
    68  0016                     	;# 
    69  0016                     	;# 
    70  0017                     	;# 
    71  0018                     	;# 
    72  0019                     	;# 
    73  0019                     	;# 
    74  001A                     	;# 
    75  001B                     	;# 
    76  001C                     	;# 
    77  001D                     	;# 
    78  001E                     	;# 
    79  001F                     	;# 
    80  0020                     	;# 
    81  0020                     	;# 
    82  0021                     	;# 
    83  0022                     	;# 
    84  0022                     	;# 
    85  0023                     	;# 
    86  0024                     	;# 
    87  0025                     	;# 
    88  0026                     	;# 
    89  0027                     	;# 
    90  0027                     	;# 
    91  0028                     	;# 
    92  0029                     	;# 
    93  002A                     	;# 
    94  002A                     	;# 
    95  002B                     	;# 
    96  002C                     	;# 
    97  002D                     	;# 
    98  002E                     	;# 
    99  0030                     	;# 
   100  0031                     	;# 
   101  0032                     	;# 
   102  0033                     	;# 
   103  0034                     	;# 
   104  0035                     	;# 
   105  0036                     	;# 
   106  0037                     	;# 
   107  0038                     	;# 
   108  0039                     	;# 
   109  003A                     	;# 
   110  003B                     	;# 
   111  003C                     	;# 
   112  003D                     	;# 
   113  003E                     	;# 
   114  003F                     	;# 
   115  0008                     _ANSELA	set	8
   116  0006                     _TRISA	set	6
   117  003A                     _LATA2	set	58
   118  002B                     _RA3	set	43
   119                           
   120                           	psect	cinit
   121  01FE                     start_initialization:	
   122                           ; #config settings
   123                           
   124  01FE                     __initialization:
   125  01FE                     end_of_initialization:	
   126                           ;End of C runtime variable initialization code
   127                           
   128  01FE                     __end_of__initialization:
   129  01FE  0183               	clrf	3
   130  01FF  296A               	ljmp	_main	;jump to C main() function
   131                           
   132                           	psect	cstackBANK0
   133  0040                     __pcstackBANK0:
   134  0040                     ??_main:
   135  0040                     ?_main:	
   136                           ; 1 bytes @ 0x0
   137                           
   138                           
   139                           ; 2 bytes @ 0x0
   140  0040                     	ds	3
   141  0043                     main@s:
   142                           
   143                           ; 2 bytes @ 0x3
   144  0043                     	ds	2
   145                           
   146                           	psect	maintext
   147  016A                     __pmaintext:	
   148 ;;
   149 ;;Main: autosize = 0, tempsize = 3, incstack = 0, save=0
   150 ;;
   151 ;; *************** function _main *****************
   152 ;; Defined at:
   153 ;;		line 17 in file "main.c"
   154 ;; Parameters:    Size  Location     Type
   155 ;;		None
   156 ;; Auto vars:     Size  Location     Type
   157 ;;  s               2    3[BANK0 ] int 
   158 ;; Return value:  Size  Location     Type
   159 ;;                  2   14[None  ] int 
   160 ;; Registers used:
   161 ;;		wreg, status,2, status,0, btemp+1
   162 ;; Tracked objects:
   163 ;;		On entry : B00/0
   164 ;;		On exit  : 0/0
   165 ;;		Unchanged: 0/0
   166 ;; Data sizes:     COMMON   BANK0
   167 ;;      Params:         0       0
   168 ;;      Locals:         0       2
   169 ;;      Temps:          0       3
   170 ;;      Totals:         0       5
   171 ;;Total ram usage:        5 bytes
   172 ;; This function calls:
   173 ;;		Nothing
   174 ;; This function is called by:
   175 ;;		Startup code after reset
   176 ;; This function uses a non-reentrant model
   177 ;;
   178                           
   179  016A                     _main:	
   180                           ;psect for function _main
   181                           
   182  016A                     l576:	
   183                           ;incstack = 0
   184                           ; Regs used in _main: [wreg+status,2+status,0+btemp+1]
   185                           
   186                           
   187                           ;main.c: 18:             _delay((unsigned long)((10)*(8000000/4000.0)));
   188  016A  0186               	clrf	6	;volatile
   189                           
   190                           ;main.c: 19:             LATA2 = 0;
   191  016B  0188               	clrf	8	;volatile
   192                           
   193                           ;main.c: 20:         }
   194  016C  01C3               	clrf	main@s
   195  016D  01C4               	clrf	main@s+1
   196  016E                     l578:
   197                           
   198                           ;main.c: 22:             LATA2 = 1;
   199  016E  1985               	btfsc	5,3	;volatile
   200  016F  2971               	goto	u71
   201  0170  2972               	goto	u70
   202  0171                     u71:
   203  0171  29A0               	goto	l592
   204  0172                     u70:
   205  0172                     l580:
   206                           
   207                           ;main.c: 23:             _delay((unsigned long)((500)*(8000000/4000.0)));
   208  0172  0843               	movf	main@s,w
   209  0173  3E01               	addlw	1
   210  0174  00C3               	movwf	main@s
   211  0175  0844               	movf	main@s+1,w
   212  0176  1803               	skipnc
   213  0177  3E01               	addlw	1
   214  0178  3E00               	addlw	0
   215  0179  00C4               	movwf	main@s+1
   216  017A                     l582:
   217                           
   218                           ;main.c: 24:             LATA2 = 0;
   219  017A  3082               	movlw	130
   220  017B  00C1               	movwf	??_main+1
   221  017C  30DD               	movlw	221
   222  017D  00C0               	movwf	??_main
   223  017E                     u137:
   224  017E  0BC0               	decfsz	??_main,f
   225  017F  297E               	goto	u137
   226  0180  0BC1               	decfsz	??_main+1,f
   227  0181  297E               	goto	u137
   228  0182  2983               	nop2
   229  0183                     l584:
   230                           
   231                           ;main.c: 25:             _delay((unsigned long)((500)*(8000000/4000.0)));
   232  0183  0844               	movf	main@s+1,w
   233  0184  3A80               	xorlw	128
   234  0185  00FF               	movwf	btemp+1
   235  0186  3080               	movlw	128
   236  0187  027F               	subwf	btemp+1,w
   237  0188  1D03               	skipz
   238  0189  298C               	goto	u85
   239  018A  3004               	movlw	4
   240  018B  0243               	subwf	main@s,w
   241  018C                     u85:
   242  018C  1C03               	skipc
   243  018D  298F               	goto	u81
   244  018E  2990               	goto	u80
   245  018F                     u81:
   246  018F  29A0               	goto	l592
   247  0190                     u80:
   248  0190                     l586:
   249                           
   250                           ;main.c: 26:         }
   251  0190  01C3               	clrf	main@s
   252  0191  01C4               	clrf	main@s+1
   253  0192                     l588:
   254                           
   255                           ;main.c: 27:         if(s == 2){
   256  0192  1107               	bcf	7,2	;volatile
   257  0193                     l590:
   258                           
   259                           ;main.c: 28:             LATA2 = 1;
   260  0193  3002               	movlw	2
   261  0194  00C2               	movwf	??_main+2
   262  0195  3004               	movlw	4
   263  0196  00C1               	movwf	??_main+1
   264  0197  30BA               	movlw	186
   265  0198  00C0               	movwf	??_main
   266  0199                     u147:
   267  0199  0BC0               	decfsz	??_main,f
   268  019A  2999               	goto	u147
   269  019B  0BC1               	decfsz	??_main+1,f
   270  019C  2999               	goto	u147
   271  019D  0BC2               	decfsz	??_main+2,f
   272  019E  2999               	goto	u147
   273  019F  0000               	nop
   274  01A0                     l592:
   275                           
   276                           ;main.c: 32:         }
   277  01A0  0843               	movf	main@s,w
   278  01A1  0444               	iorwf	main@s+1,w
   279  01A2  1D03               	btfss	3,2
   280  01A3  29A5               	goto	u91
   281  01A4  29A6               	goto	u90
   282  01A5                     u91:
   283  01A5  29B0               	goto	l598
   284  01A6                     u90:
   285  01A6                     l594:
   286                           
   287                           ;main.c: 33:         if(s == 3){
   288  01A6  301A               	movlw	26
   289  01A7  00C1               	movwf	??_main+1
   290  01A8  30F8               	movlw	248
   291  01A9  00C0               	movwf	??_main
   292  01AA                     u157:
   293  01AA  0BC0               	decfsz	??_main,f
   294  01AB  29AA               	goto	u157
   295  01AC  0BC1               	decfsz	??_main+1,f
   296  01AD  29AA               	goto	u157
   297  01AE  0000               	nop
   298  01AF                     l596:
   299                           
   300                           ;main.c: 34:             LATA2 = 1;
   301  01AF  1107               	bcf	7,2	;volatile
   302  01B0                     l598:
   303                           
   304                           ;main.c: 36: 
   305  01B0  0343               	decf	main@s,w
   306  01B1  0444               	iorwf	main@s+1,w
   307  01B2  1D03               	btfss	3,2
   308  01B3  29B5               	goto	u101
   309  01B4  29B6               	goto	u100
   310  01B5                     u101:
   311  01B5  29D2               	goto	l606
   312  01B6                     u100:
   313  01B6                     l600:
   314                           
   315                           ;main.c: 37: 
   316  01B6  1507               	bsf	7,2	;volatile
   317  01B7                     l602:
   318                           
   319                           ;main.c: 38: 
   320  01B7  3006               	movlw	6
   321  01B8  00C2               	movwf	??_main+2
   322  01B9  3013               	movlw	19
   323  01BA  00C1               	movwf	??_main+1
   324  01BB  30AD               	movlw	173
   325  01BC  00C0               	movwf	??_main
   326  01BD                     u167:
   327  01BD  0BC0               	decfsz	??_main,f
   328  01BE  29BD               	goto	u167
   329  01BF  0BC1               	decfsz	??_main+1,f
   330  01C0  29BD               	goto	u167
   331  01C1  0BC2               	decfsz	??_main+2,f
   332  01C2  29BD               	goto	u167
   333  01C3  29C4               	nop2
   334  01C4                     l604:
   335                           
   336                           ;main.c: 39: 
   337  01C4  1107               	bcf	7,2	;volatile
   338                           
   339                           ;main.c: 40:     }
   340  01C5  3006               	movlw	6
   341  01C6  00C2               	movwf	??_main+2
   342  01C7  3013               	movlw	19
   343  01C8  00C1               	movwf	??_main+1
   344  01C9  30AD               	movlw	173
   345  01CA  00C0               	movwf	??_main
   346  01CB                     u177:
   347  01CB  0BC0               	decfsz	??_main,f
   348  01CC  29CB               	goto	u177
   349  01CD  0BC1               	decfsz	??_main+1,f
   350  01CE  29CB               	goto	u177
   351  01CF  0BC2               	decfsz	??_main+2,f
   352  01D0  29CB               	goto	u177
   353  01D1  29D2               	nop2
   354  01D2                     l606:
   355  01D2  3002               	movlw	2
   356  01D3  0643               	xorwf	main@s,w
   357  01D4  0444               	iorwf	main@s+1,w
   358  01D5  1D03               	btfss	3,2
   359  01D6  29D8               	goto	u111
   360  01D7  29D9               	goto	u110
   361  01D8                     u111:
   362  01D8  29F4               	goto	l614
   363  01D9                     u110:
   364  01D9                     l608:
   365  01D9  1507               	bsf	7,2	;volatile
   366  01DA                     l610:
   367  01DA  3003               	movlw	3
   368  01DB  00C2               	movwf	??_main+2
   369  01DC  3008               	movlw	8
   370  01DD  00C1               	movwf	??_main+1
   371  01DE  3077               	movlw	119
   372  01DF  00C0               	movwf	??_main
   373  01E0                     u187:
   374  01E0  0BC0               	decfsz	??_main,f
   375  01E1  29E0               	goto	u187
   376  01E2  0BC1               	decfsz	??_main+1,f
   377  01E3  29E0               	goto	u187
   378  01E4  0BC2               	decfsz	??_main+2,f
   379  01E5  29E0               	goto	u187
   380  01E6                     l612:
   381  01E6  1107               	bcf	7,2	;volatile
   382  01E7  3009               	movlw	9
   383  01E8  00C2               	movwf	??_main+2
   384  01E9  301E               	movlw	30
   385  01EA  00C1               	movwf	??_main+1
   386  01EB  30E4               	movlw	228
   387  01EC  00C0               	movwf	??_main
   388  01ED                     u197:
   389  01ED  0BC0               	decfsz	??_main,f
   390  01EE  29ED               	goto	u197
   391  01EF  0BC1               	decfsz	??_main+1,f
   392  01F0  29ED               	goto	u197
   393  01F1  0BC2               	decfsz	??_main+2,f
   394  01F2  29ED               	goto	u197
   395  01F3  0000               	nop
   396  01F4                     l614:
   397  01F4  3003               	movlw	3
   398  01F5  0643               	xorwf	main@s,w
   399  01F6  0444               	iorwf	main@s+1,w
   400  01F7  1D03               	btfss	3,2
   401  01F8  29FA               	goto	u121
   402  01F9  29FB               	goto	u120
   403  01FA                     u121:
   404  01FA  296E               	goto	l578
   405  01FB                     u120:
   406  01FB                     l616:
   407  01FB  1507               	bsf	7,2	;volatile
   408  01FC  296E               	goto	l578
   409  01FD  2801               	ljmp	start
   410  01FE                     __end_of_main:
   411  007E                     btemp	set	126	;btemp
   412  007E                     wtemp0	set	126
   413                           
   414                           	psect	idloc
   415                           
   416                           ;Config register IDLOC0 @ 0x2000
   417                           ;	unspecified, using default values
   418  2000                     	org	8192
   419  2000  3FFF               	dw	16383
   420                           
   421                           ;Config register IDLOC1 @ 0x2001
   422                           ;	unspecified, using default values
   423  2001                     	org	8193
   424  2001  3FFF               	dw	16383
   425                           
   426                           ;Config register IDLOC2 @ 0x2002
   427                           ;	unspecified, using default values
   428  2002                     	org	8194
   429  2002  3FFF               	dw	16383
   430                           
   431                           ;Config register IDLOC3 @ 0x2003
   432                           ;	unspecified, using default values
   433  2003                     	org	8195
   434  2003  3FFF               	dw	16383
   435                           
   436                           	psect	config
   437                           
   438                           ;Config register CONFIG @ 0x2007
   439                           ;	Oscillator Selection bits
   440                           ;	FOSC = INTOSC, INTOSC oscillator: CLKIN function disabled
   441                           ;	Brown-out Reset Enable
   442                           ;	BOREN = OFF, Brown-out Reset disabled
   443                           ;	Watchdog Timer Enable
   444                           ;	WDTE = OFF, WDT disabled
   445                           ;	Power-up Timer Enable bit
   446                           ;	PWRTE = OFF, PWRT disabled
   447                           ;	MCLR Pin Function Select bit
   448                           ;	MCLRE = OFF, MCLR pin function is digital input, MCLR internally tied to VDD
   449                           ;	Code Protection bit
   450                           ;	CP = OFF, Program memory code protection is disabled
   451                           ;	Low-Voltage Programming Enable
   452                           ;	LVP = OFF, High-voltage on MCLR/VPP must be used for programming
   453                           ;	Brown-out Reset Selection bits
   454                           ;	LPBOR = ON, BOR enabled
   455                           ;	Brown-out Reset Voltage Selection
   456                           ;	BORV = LO, Brown-out Reset Voltage (Vbor), low trip point selected.
   457                           ;	Flash Memory Self-Write Protection
   458                           ;	WRT = OFF, Write protection off
   459  2007                     	org	8199
   460  2007  3EA0               	dw	16032

Data Sizes:
    Strings     0
    Constant    0
    Data        0
    BSS         0
    Persistent  0
    Stack       0

Auto Spaces:
    Space          Size  Autos    Used
    COMMON            0      0       0
    BANK0            62      5       5

Pointer List with Targets:

    None.

Critical Paths under _main in COMMON

    None.

Critical Paths under _main in BANK0

    None.

Call Graph Tables:

 ---------------------------------------------------------------------------------
 (Depth) Function   	        Calls       Base Space   Used Autos Params    Refs
 ---------------------------------------------------------------------------------
 (0) _main                                                 5     5      0     135
                                              0 BANK0      5     5      0
 ---------------------------------------------------------------------------------
 Estimated maximum stack depth 0
 ---------------------------------------------------------------------------------

 Call Graph Graphs:

 _main (ROOT)

 Address spaces:
Name               Size   Autos  Total    Cost      Usage
BITCOMMON            0      0       0       0        0.0%
NULL                 0      0       0       0        0.0%
CODE                 0      0       0       0        0.0%
BITSFR0              0      0       0       1        0.0%
SFR0                 0      0       0       1        0.0%
COMMON               0      0       0       1        0.0%
STACK                0      0       0       2        0.0%
BANK0               3E      5       5       3        8.1%
ABS                  0      0       0       4        0.0%
DATA                 0      0       0       5        0.0%
BITBANK0            3E      0       0       6        0.0%


Microchip Technology PIC Macro Assembler V2.36 build 20220127204148 
Symbol Table                                                                                   Sun May 22 22:33:29 2022

                     u70 0172                       u71 0171                       u80 0190  
                     u81 018F                       u90 01A6                       u91 01A5  
                     u85 018C                      l600 01B6                      l610 01DA  
                    l602 01B7                      l612 01E6                      l604 01C4  
                    l614 01F4                      l606 01D2                      l616 01FB  
                    l608 01D9                      l580 0172                      l590 0193  
                    l582 017A                      l584 0183                      l592 01A0  
                    l576 016A                      l594 01A6                      l586 0190  
                    l578 016E                      l596 01AF                      l588 0192  
                    l598 01B0                      _RA3 002B                      u100 01B6  
                    u101 01B5                      u110 01D9                      u111 01D8  
                    u120 01FB                      u121 01FA                      u137 017E  
                    u147 0199                      u157 01AA                      u167 01BD  
                    u177 01CB                      u187 01E0                      u197 01ED  
                   _main 016A                     btemp 007E                     start 0001  
                  ?_main 0040                    _LATA2 003A                    _TRISA 0006  
                  main@s 0043                    status 0003                    wtemp0 007E  
        __initialization 01FE             __end_of_main 01FE                   ??_main 0040  
                 _ANSELA 0008  __end_of__initialization 01FE               __pmaintext 016A  
   end_of_initialization 01FE      start_initialization 01FE                ___latbits 0000  
          __pcstackBANK0 0040  
